<?xml version="1.0" encoding="UTF-8"?>
<testng-results skipped="0" failed="0" ignored="0" total="2" passed="2">
  <reporter-output>
  </reporter-output>
  <suite name="Suite" duration-ms="18430" started-at="2018-10-16T13:36:48Z" finished-at="2018-10-16T13:37:07Z">
    <groups>
    </groups>
    <test name="Test" duration-ms="18430" started-at="2018-10-16T13:36:48Z" finished-at="2018-10-16T13:37:07Z">
      <class name="test.Testcase2">
        <test-method status="PASS" signature="register()[pri:1, instance:test.Testcase2@1fa3a9d]" name="register" duration-ms="1217" started-at="2018-10-16T13:37:05Z" description="Verify Facebook Login Page with valid Credentials" finished-at="2018-10-16T13:37:07Z">
          <reporter-output>
          </reporter-output>
        </test-method> <!-- register -->
      </class> <!-- test.Testcase2 -->
      <class name="pages.MultiBrowser">
        <test-method status="PASS" signature="checkBrowser(java.lang.String)[pri:0, instance:pages.MultiBrowser@6ba0ac]" name="checkBrowser" is-config="true" duration-ms="3408" started-at="2018-10-16T13:36:48Z" finished-at="2018-10-16T13:36:52Z">
          <params>
            <param index="0">
              <value>
                <![CDATA[chrome]]>
              </value>
            </param>
          </params>
          <reporter-output>
          </reporter-output>
        </test-method> <!-- checkBrowser -->
        <test-method status="PASS" signature="login()[pri:0, instance:pages.MultiBrowser@6ba0ac]" name="login" duration-ms="13766" started-at="2018-10-16T13:36:52Z" description="Login To Facebook" finished-at="2018-10-16T13:37:05Z">
          <reporter-output>
          </reporter-output>
        </test-method> <!-- login -->
      </class> <!-- pages.MultiBrowser -->
    </test> <!-- Test -->
  </suite> <!-- Suite -->
</testng-results>
